<?xml version="1.0" encoding="UTF-8"?>
<!-- Generated by org.testng.reporters.JUnitXMLReporter -->
<testsuite ignored="13" hostname="DESKTOP-6VFFB5C" failures="1" tests="5" name="Test" time="44.759" errors="0" timestamp="2024-07-17T20:44:35 IST">
  <testcase classname="TestCases.QaLegend_TestCases" name="loginToQaLegendApp" time="2.382"/>
  <testcase classname="TestCases.QaLegend_TestCases" name="forgotPasswordVerification" time="0.864">
    <skipped/>
  </testcase> <!-- forgotPasswordVerification -->
  <testcase classname="TestCases.QaLegend_TestCases" name="forgotPasswordVerification" time="0.511">
    <skipped/>
  </testcase> <!-- forgotPasswordVerification -->
  <testcase classname="TestCases.QaLegend_TestCases" name="forgotPasswordVerification" time="0.638">
    <skipped/>
  </testcase> <!-- forgotPasswordVerification -->
  <testcase classname="TestCases.QaLegend_TestCases" name="forgotPasswordVerification" time="0.641">
    <failure type="java.lang.IllegalArgumentException" message="Keys to send should be a not null CharSequence">
      <![CDATA[java.lang.IllegalArgumentException: Keys to send should be a not null CharSequence
at org.openqa.selenium.remote.RemoteWebElement.sendKeys(RemoteWebElement.java:96)
at org.openqa.selenium.support.pagefactory.internal.LocatingElementHandler.invoke(LocatingElementHandler.java:51)
at jdk.proxy2/jdk.proxy2.$Proxy14.sendKeys(Unknown Source)
at Utilities.PageUtilities.enterText(PageUtilities.java:15)
at PageClasses.QaLegendForgotPassword.forgotPasswordVerification(QaLegendForgotPassword.java:34)
at TestCases.QaLegend_TestCases.forgotPasswordVerification(QaLegend_TestCases.java:107)
at java.base/java.util.ArrayList.forEach(ArrayList.java:1511)
... Removed 31 stack frames]]>
    </failure>
  </testcase> <!-- forgotPasswordVerification -->
  <testcase classname="TestCases.QaLegend_TestCases" name="addAnEstimate" time="0.0">
    <ignored/>
  </testcase> <!-- addAnEstimate -->
  <testcase classname="TestCases.QaLegend_TestCases" name="addAndDeleteAnItem" time="0.0">
    <ignored/>
  </testcase> <!-- addAndDeleteAnItem -->
  <testcase classname="TestCases.QaLegend_TestCases" name="addATicketAndUpdateStatus" time="0.0">
    <ignored/>
  </testcase> <!-- addATicketAndUpdateStatus -->
  <testcase classname="TestCases.QaLegend_TestCases" name="addAllProject" time="0.0">
    <ignored/>
  </testcase> <!-- addAllProject -->
  <testcase classname="TestCases.QaLegend_TestCases" name="clientCreation" time="0.0">
    <ignored/>
  </testcase> <!-- clientCreation -->
  <testcase classname="TestCases.QaLegend_TestCases" name="sendAMessage" time="0.0">
    <ignored/>
  </testcase> <!-- sendAMessage -->
  <testcase classname="TestCases.QaLegend_TestCases" name="addATeamMember" time="0.0">
    <ignored/>
  </testcase> <!-- addATeamMember -->
  <testcase classname="TestCases.QaLegend_TestCases" name="addEditNotes" time="0.0">
    <ignored/>
  </testcase> <!-- addEditNotes -->
  <testcase classname="TestCases.QaLegend_TestCases" name="addEditNotes1" time="0.0">
    <ignored/>
  </testcase> <!-- addEditNotes1 -->
  <testcase classname="TestCases.QaLegend_TestCases" name="addTimeToTimeCard" time="0.0">
    <ignored/>
  </testcase> <!-- addTimeToTimeCard -->
  <testcase classname="TestCases.QaLegend_TestCases" name="assignLeave" time="0.0">
    <ignored/>
  </testcase> <!-- assignLeave -->
  <testcase classname="TestCases.QaLegend_TestCases" name="signOut" time="0.0">
    <ignored/>
  </testcase> <!-- signOut -->
  <testcase classname="TestCases.QaLegend_TestCases" name="addInvoiceAndMakefullPayment" time="0.0">
    <ignored/>
  </testcase> <!-- addInvoiceAndMakefullPayment -->
</testsuite> <!-- Test -->
